2026-03-23 20:24:12,435 - MainThread - sqlmesh.core.config.connection - INFO - Creating new DuckDB adapter for data files: {'../data/fpl.duckdb'} (connection.py:496)
2026-03-23 20:24:12,849 - MainThread - sqlmesh.core.config.connection - INFO - Using existing DuckDB adapter due to overlapping data file: ../data/fpl.duckdb (connection.py:486)
2026-03-23 20:24:13,733 - MainThread - sqlmesh.core.plan.evaluator - INFO - Evaluating plan stage CreateSnapshotRecordsStage (evaluator.py:123)
2026-03-23 20:24:13,745 - MainThread - sqlmesh.core.plan.evaluator - INFO - Evaluating plan stage PhysicalLayerSchemaCreationStage (evaluator.py:123)
2026-03-23 20:24:13,746 - MainThread - sqlmesh.core.snapshot.evaluator - INFO - Creating schema 'fpl.sqlmesh__epl' (evaluator.py:1449)
2026-03-23 20:24:13,747 - MainThread - sqlmesh.core.engine_adapter.base - INFO - Executing SQL: /* SQLMESH_PLAN: d1b0f5d17f6b4dfd974d4735a18e356a */ CREATE SCHEMA IF NOT EXISTS "fpl"."sqlmesh__epl" (base.py:2626)
2026-03-23 20:24:13,747 - MainThread - sqlmesh.core.plan.evaluator - INFO - Evaluating plan stage BackfillStage (evaluator.py:123)
2026-03-23 20:24:13,748 - MainThread - sqlmesh.core.snapshot.evaluator - INFO - Listing data objects in schema fpl.sqlmesh__epl (evaluator.py:1616)
2026-03-23 20:24:13,748 - MainThread - sqlmesh.core.engine_adapter.base - INFO - Executing SQL: /* SQLMESH_PLAN: d1b0f5d17f6b4dfd974d4735a18e356a */ SELECT CURRENT_CATALOG (base.py:2626)
2026-03-23 20:24:13,749 - MainThread - sqlmesh.core.engine_adapter.base - INFO - Executing SQL: /* SQLMESH_PLAN: d1b0f5d17f6b4dfd974d4735a18e356a */ SELECT CURRENT_CATALOG (base.py:2626)
2026-03-23 20:24:13,750 - MainThread - sqlmesh.core.engine_adapter.base - INFO - Executing SQL: /* SQLMESH_PLAN: d1b0f5d17f6b4dfd974d4735a18e356a */ SELECT table_name AS name, table_schema AS schema, CASE table_type WHEN 'BASE TABLE' THEN 'table' WHEN 'VIEW' THEN 'view' WHEN 'LOCAL TEMPORARY' THEN 'table' END AS type FROM system.information_schema.tables WHERE (table_catalog = 'fpl' AND table_schema = 'sqlmesh__epl') AND table_name IN ('epl__stg_matches__711077634') (base.py:2626)
2026-03-23 20:24:13,761 - MainThread - sqlmesh.core.snapshot.evaluator - INFO - Evaluating snapshot SnapshotId<"fpl"."epl"."stg_matches": 2937948620> (evaluator.py:711)
2026-03-23 20:24:13,762 - MainThread - sqlmesh.core.snapshot.evaluator - INFO - Inserting data for snapshot SnapshotId<"fpl"."epl"."stg_matches": 2937948620> (evaluator.py:952)
2026-03-23 20:24:13,767 - MainThread - sqlmesh.core.snapshot.evaluator - INFO - Inserting batch (2024-08-01 00:00:00, 2026-03-22 00:00:00) into fpl.sqlmesh__epl.epl__stg_matches__711077634' (evaluator.py:984)
2026-03-23 20:24:13,767 - MainThread - sqlmesh.core.snapshot.evaluator - INFO - Replacing view 'fpl.sqlmesh__epl.epl__stg_matches__711077634' (evaluator.py:2676)
2026-03-23 20:24:13,769 - MainThread - sqlmesh.core.engine_adapter.base - INFO - Executing SQL: /* SQLMESH_PLAN: d1b0f5d17f6b4dfd974d4735a18e356a */ CREATE OR REPLACE VIEW "fpl"."sqlmesh__epl"."epl__stg_matches__711077634" ("match_id", "matchday", "kickoff_time", "status", "home_team_name", "home_team_fd_id", "home_goals", "home_goals_ht", "away_team_name", "away_team_fd_id", "away_goals", "away_goals_ht", "result") AS SELECT "id" AS "match_id", "matchday" AS "matchday", "utc_date" AS "kickoff_time", "status" AS "status", "home_team" ->> '$.name' AS "home_team_name", CAST("home_team" ->> '$.id' AS INT) AS "home_team_fd_id", CAST("score" ->> '$.fullTime.home' AS INT) AS "home_goals", CAST("score" ->> '$.halfTime.home' AS INT) AS "home_goals_ht", "away_team" ->> '$.name' AS "away_team_name", CAST("away_team" ->> '$.id' AS INT) AS "away_team_fd_id", CAST("score" ->> '$.fullTime.away' AS INT) AS "away_goals", CAST("score" ->> '$.halfTime.away' AS INT) AS "away_goals_ht", CASE WHEN ("score" ->> '$.winner') = 'HOME_TEAM' THEN 'home_win' WHEN ("score" ->> '$.winner') = 'AWAY_TEAM' THEN 'away_win' WHEN ("score" ->> '$.winner') = 'DRAW' THEN 'draw' ELSE 'scheduled' END AS "result" FROM "fpl"."football_data"."pl_matches" AS "pl_matches" WHERE "status" IN ('FINISHED', 'IN_PLAY', 'PAUSED', 'TIMED', 'SCHEDULED') (base.py:2626)
2026-03-23 20:24:13,770 - MainThread - sqlmesh.core.engine_adapter.base - INFO - Executing SQL: /* SQLMESH_PLAN: d1b0f5d17f6b4dfd974d4735a18e356a */ COMMENT ON VIEW "fpl"."sqlmesh__epl"."epl__stg_matches__711077634" IS 'PL match results from football-data.org — used for ELO ratings and deeper match stats.' (base.py:2626)
2026-03-23 20:24:13,771 - MainThread - sqlmesh.core.engine_adapter.base - INFO - Executing SQL: /* SQLMESH_PLAN: d1b0f5d17f6b4dfd974d4735a18e356a */ COMMENT ON COLUMN "fpl"."sqlmesh__epl"."epl__stg_matches__711077634"."result" IS 'Result' (base.py:2626)
2026-03-23 20:24:13,772 - MainThread - sqlmesh.core.state_sync.db.facade - INFO - Adding interval (2024-08-01 00:00:00, 2026-03-22 00:00:00) for snapshot SnapshotId<"fpl"."epl"."stg_matches": 2937948620> (facade.py:637)
2026-03-23 20:24:13,772 - MainThread - sqlmesh.core.state_sync.db.interval - INFO - Pushing intervals for snapshot SnapshotId<"fpl"."epl"."stg_matches": 2937948620> (interval.py:215)
2026-03-23 20:24:13,781 - MainThread - sqlmesh.core.plan.evaluator - INFO - Evaluating plan stage EnvironmentRecordUpdateStage (evaluator.py:123)
2026-03-23 20:24:13,782 - MainThread - sqlmesh.core.state_sync.db.facade - INFO - Promoting environment 'dev' (facade.py:167)
2026-03-23 20:24:13,789 - MainThread - sqlmesh.core.plan.evaluator - INFO - Evaluating plan stage VirtualLayerUpdateStage (evaluator.py:123)
2026-03-23 20:24:13,792 - MainThread - sqlmesh.core.snapshot.evaluator - INFO - Creating schema 'fpl.epl__dev' (evaluator.py:1449)
2026-03-23 20:24:13,792 - MainThread - sqlmesh.core.engine_adapter.base - INFO - Executing SQL: /* SQLMESH_PLAN: d1b0f5d17f6b4dfd974d4735a18e356a */ CREATE SCHEMA IF NOT EXISTS "fpl"."epl__dev" (base.py:2626)
2026-03-23 20:24:13,793 - MainThread - sqlmesh.core.snapshot.evaluator - INFO - Listing data objects in schema fpl.epl__dev (evaluator.py:1616)
2026-03-23 20:24:13,793 - MainThread - sqlmesh.core.engine_adapter.base - INFO - Executing SQL: /* SQLMESH_PLAN: d1b0f5d17f6b4dfd974d4735a18e356a */ SELECT CURRENT_CATALOG (base.py:2626)
2026-03-23 20:24:13,793 - MainThread - sqlmesh.core.engine_adapter.base - INFO - Executing SQL: /* SQLMESH_PLAN: d1b0f5d17f6b4dfd974d4735a18e356a */ SELECT CURRENT_CATALOG (base.py:2626)
2026-03-23 20:24:13,794 - MainThread - sqlmesh.core.engine_adapter.base - INFO - Executing SQL: /* SQLMESH_PLAN: d1b0f5d17f6b4dfd974d4735a18e356a */ SELECT table_name AS name, table_schema AS schema, CASE table_type WHEN 'BASE TABLE' THEN 'table' WHEN 'VIEW' THEN 'view' WHEN 'LOCAL TEMPORARY' THEN 'table' END AS type FROM system.information_schema.tables WHERE (table_catalog = 'fpl' AND table_schema = 'epl__dev') AND table_name IN ('int_team_performance', 'seed_team_mapping', 'int_fixture_difficulty', 'stg_teams', 'stg_fixtures', 'mart_player_picks', 'stg_matches', 'stg_players', 'mart_fixture_ticker') (base.py:2626)
2026-03-23 20:24:13,798 - MainThread - sqlmesh.core.snapshot.evaluator - INFO - Updating view 'fpl.epl__dev.seed_team_mapping' to point at table 'fpl.sqlmesh__epl.epl__seed_team_mapping__763095440' (evaluator.py:1988)
2026-03-23 20:24:13,799 - MainThread - sqlmesh.core.engine_adapter.base - INFO - Executing SQL: /* SQLMESH_PLAN: d1b0f5d17f6b4dfd974d4735a18e356a */ CREATE OR REPLACE VIEW "fpl"."epl__dev"."seed_team_mapping" AS SELECT * FROM "fpl"."sqlmesh__epl"."epl__seed_team_mapping__763095440" (base.py:2626)
2026-03-23 20:24:13,800 - MainThread - sqlmesh.core.snapshot.evaluator - INFO - Updating view 'fpl.epl__dev.stg_fixtures' to point at table 'fpl.sqlmesh__epl.epl__stg_fixtures__3136029467' (evaluator.py:1988)
2026-03-23 20:24:13,801 - MainThread - sqlmesh.core.engine_adapter.base - INFO - Executing SQL: /* SQLMESH_PLAN: d1b0f5d17f6b4dfd974d4735a18e356a */ CREATE OR REPLACE VIEW "fpl"."epl__dev"."stg_fixtures" AS SELECT * FROM "fpl"."sqlmesh__epl"."epl__stg_fixtures__3136029467" (base.py:2626)
2026-03-23 20:24:13,802 - MainThread - sqlmesh.core.snapshot.evaluator - INFO - Updating view 'fpl.epl__dev.stg_matches' to point at table 'fpl.sqlmesh__epl.epl__stg_matches__711077634' (evaluator.py:1988)
2026-03-23 20:24:13,803 - MainThread - sqlmesh.core.engine_adapter.base - INFO - Executing SQL: /* SQLMESH_PLAN: d1b0f5d17f6b4dfd974d4735a18e356a */ CREATE OR REPLACE VIEW "fpl"."epl__dev"."stg_matches" AS SELECT * FROM "fpl"."sqlmesh__epl"."epl__stg_matches__711077634" (base.py:2626)
2026-03-23 20:24:13,804 - MainThread - sqlmesh.core.snapshot.evaluator - INFO - Updating view 'fpl.epl__dev.stg_players' to point at table 'fpl.sqlmesh__epl.epl__stg_players__2960907016' (evaluator.py:1988)
2026-03-23 20:24:13,805 - MainThread - sqlmesh.core.engine_adapter.base - INFO - Executing SQL: /* SQLMESH_PLAN: d1b0f5d17f6b4dfd974d4735a18e356a */ CREATE OR REPLACE VIEW "fpl"."epl__dev"."stg_players" AS SELECT * FROM "fpl"."sqlmesh__epl"."epl__stg_players__2960907016" (base.py:2626)
2026-03-23 20:24:13,806 - MainThread - sqlmesh.core.snapshot.evaluator - INFO - Updating view 'fpl.epl__dev.int_team_performance' to point at table 'fpl.sqlmesh__epl.epl__int_team_performance__212242961' (evaluator.py:1988)
2026-03-23 20:24:13,807 - MainThread - sqlmesh.core.engine_adapter.base - INFO - Executing SQL: /* SQLMESH_PLAN: d1b0f5d17f6b4dfd974d4735a18e356a */ CREATE OR REPLACE VIEW "fpl"."epl__dev"."int_team_performance" AS SELECT * FROM "fpl"."sqlmesh__epl"."epl__int_team_performance__212242961" (base.py:2626)
2026-03-23 20:24:13,809 - MainThread - sqlmesh.core.snapshot.evaluator - INFO - Updating view 'fpl.epl__dev.stg_teams' to point at table 'fpl.sqlmesh__epl.epl__stg_teams__2519145350' (evaluator.py:1988)
2026-03-23 20:24:13,810 - MainThread - sqlmesh.core.engine_adapter.base - INFO - Executing SQL: /* SQLMESH_PLAN: d1b0f5d17f6b4dfd974d4735a18e356a */ CREATE OR REPLACE VIEW "fpl"."epl__dev"."stg_teams" AS SELECT * FROM "fpl"."sqlmesh__epl"."epl__stg_teams__2519145350" (base.py:2626)
2026-03-23 20:24:13,811 - MainThread - sqlmesh.core.snapshot.evaluator - INFO - Updating view 'fpl.epl__dev.int_fixture_difficulty' to point at table 'fpl.sqlmesh__epl.epl__int_fixture_difficulty__2849928048' (evaluator.py:1988)
2026-03-23 20:24:13,811 - MainThread - sqlmesh.core.engine_adapter.base - INFO - Executing SQL: /* SQLMESH_PLAN: d1b0f5d17f6b4dfd974d4735a18e356a */ CREATE OR REPLACE VIEW "fpl"."epl__dev"."int_fixture_difficulty" AS SELECT * FROM "fpl"."sqlmesh__epl"."epl__int_fixture_difficulty__2849928048" (base.py:2626)
2026-03-23 20:24:13,814 - MainThread - sqlmesh.core.snapshot.evaluator - INFO - Updating view 'fpl.epl__dev.mart_fixture_ticker' to point at table 'fpl.sqlmesh__epl.epl__mart_fixture_ticker__3084235832' (evaluator.py:1988)
2026-03-23 20:24:13,814 - MainThread - sqlmesh.core.engine_adapter.base - INFO - Executing SQL: /* SQLMESH_PLAN: d1b0f5d17f6b4dfd974d4735a18e356a */ CREATE OR REPLACE VIEW "fpl"."epl__dev"."mart_fixture_ticker" AS SELECT * FROM "fpl"."sqlmesh__epl"."epl__mart_fixture_ticker__3084235832" (base.py:2626)
2026-03-23 20:24:13,815 - MainThread - sqlmesh.core.snapshot.evaluator - INFO - Updating view 'fpl.epl__dev.mart_player_picks' to point at table 'fpl.sqlmesh__epl.epl__mart_player_picks__270853842' (evaluator.py:1988)
2026-03-23 20:24:13,816 - MainThread - sqlmesh.core.engine_adapter.base - INFO - Executing SQL: /* SQLMESH_PLAN: d1b0f5d17f6b4dfd974d4735a18e356a */ CREATE OR REPLACE VIEW "fpl"."epl__dev"."mart_player_picks" AS SELECT * FROM "fpl"."sqlmesh__epl"."epl__mart_player_picks__270853842" (base.py:2626)
2026-03-23 20:24:13,818 - MainThread - sqlmesh.core.plan.evaluator - INFO - Evaluating plan stage FinalizeEnvironmentStage (evaluator.py:123)
2026-03-23 20:24:13,818 - MainThread - sqlmesh.core.state_sync.db.environment - INFO - Finalizing environment 'dev' (environment.py:141)
2026-03-23 20:24:13,849 - MainThread - root - INFO - Shutting down the event dispatcher (dispatcher.py:159)
